\BOOKMARK [1][-]{section.1}{\376\377\000I\000n\000t\000r\000o\000d\000u\000c\000t\000i\000o\000n}{}% 1
\BOOKMARK [1][-]{section.2}{\376\377\000D\000e\000f\000i\000n\000i\000n\000g\000\040\000t\000h\000e\000\040\000T\000h\000r\000e\000e\000\040\000F\000u\000n\000c\000t\000i\000o\000n\000a\000l\000\040\000L\000a\000y\000e\000r\000s}{}% 2
\BOOKMARK [2][-]{subsection.2.1}{\376\377\000L\000a\000y\000e\000r\000\040\0001\000:\000\040\000P\000u\000r\000p\000o\000s\000e\000\040\000L\000a\000y\000e\000r}{section.2}% 3
\BOOKMARK [2][-]{subsection.2.2}{\376\377\000L\000a\000y\000e\000r\000\040\0002\000:\000\040\000B\000o\000u\000n\000d\000s\000\040\000E\000n\000g\000i\000n\000e}{section.2}% 4
\BOOKMARK [2][-]{subsection.2.3}{\376\377\000L\000a\000y\000e\000r\000\040\0003\000:\000\040\000F\000a\000c\000t\000\040\000L\000a\000y\000e\000r}{section.2}% 5
\BOOKMARK [2][-]{subsection.2.4}{\376\377\000L\000a\000y\000e\000r\000\040\000C\000o\000m\000p\000a\000r\000i\000s\000o\000n}{section.2}% 6
\BOOKMARK [1][-]{section.3}{\376\377\000F\000o\000r\000m\000a\000l\000\040\000M\000o\000d\000e\000l}{}% 7
\BOOKMARK [2][-]{subsection.3.1}{\376\377\000L\000a\000y\000e\000r\000\040\000C\000o\000n\000s\000t\000r\000a\000i\000n\000t\000s}{section.3}% 8
\BOOKMARK [3][-]{subsubsection.3.1.1}{\376\377\000P\000u\000r\000p\000o\000s\000e\000\040\000L\000a\000y\000e\000r\000\040\000C\000o\000n\000s\000t\000r\000a\000i\000n\000t\000s\000\040\000\050\000P\0001\040\023\000P\0003\000\051}{subsection.3.1}% 9
\BOOKMARK [3][-]{subsubsection.3.1.2}{\376\377\000B\000o\000u\000n\000d\000s\000\040\000E\000n\000g\000i\000n\000e\000\040\000C\000o\000n\000s\000t\000r\000a\000i\000n\000t\000s\000\040\000\050\000B\0001\040\023\000B\0003\000\051}{subsection.3.1}% 10
\BOOKMARK [3][-]{subsubsection.3.1.3}{\376\377\000F\000a\000c\000t\000\040\000L\000a\000y\000e\000r\000\040\000C\000o\000n\000s\000t\000r\000a\000i\000n\000t\000s\000\040\000\050\000F\0001\040\023\000F\0003\000\051}{subsection.3.1}% 11
\BOOKMARK [2][-]{subsection.3.2}{\376\377\000S\000y\000s\000t\000e\000m\000-\000L\000e\000v\000e\000l\000\040\000P\000r\000o\000p\000e\000r\000t\000i\000e\000s}{section.3}% 12
\BOOKMARK [1][-]{section.4}{\376\377\000G\000r\000a\000m\000m\000a\000r\000\040\000f\000o\000r\000\040\000B\000X\0003\000-\000C\000o\000m\000p\000l\000i\000a\000n\000t\000\040\000S\000y\000s\000t\000e\000m\000s}{}% 13
\BOOKMARK [1][-]{section.5}{\376\377\000T\000h\000e\000\040\000F\000i\000v\000e\000\040\000P\000i\000l\000l\000a\000r\000s}{}% 14
\BOOKMARK [2][-]{subsection.5.1}{\376\377\000P\000i\000l\000l\000a\000r\000\040\0001\000:\000\040\000L\000o\000o\000p\000\040\000I\000s\000o\000l\000a\000t\000i\000o\000n}{section.5}% 15
\BOOKMARK [2][-]{subsection.5.2}{\376\377\000P\000i\000l\000l\000a\000r\000\040\0002\000:\000\040\000R\000e\000c\000u\000r\000s\000i\000v\000e\000\040\000S\000p\000a\000w\000n\000i\000n\000g}{section.5}% 16
\BOOKMARK [2][-]{subsection.5.3}{\376\377\000P\000i\000l\000l\000a\000r\000\040\0003\000:\000\040\000S\000p\000a\000t\000i\000a\000l\000\040\000F\000i\000r\000e\000w\000a\000l\000l}{section.5}% 17
\BOOKMARK [2][-]{subsection.5.4}{\376\377\000P\000i\000l\000l\000a\000r\000\040\0004\000:\000\040\000S\000a\000n\000d\000b\000o\000x\000\040\000G\000a\000t\000e}{section.5}% 18
\BOOKMARK [2][-]{subsection.5.5}{\376\377\000P\000i\000l\000l\000a\000r\000\040\0005\000:\000\040\000B\000a\000i\000l\000o\000u\000t\000\040\000P\000r\000o\000t\000o\000c\000o\000l}{section.5}% 19
\BOOKMARK [1][-]{section.6}{\376\377\000I\000m\000p\000l\000e\000m\000e\000n\000t\000a\000t\000i\000o\000n\000:\000\040\000P\000s\000e\000u\000d\000o\000-\000C\000o\000d\000e\000\040\000f\000o\000r\000\040\000E\000a\000c\000h\000\040\000P\000i\000l\000l\000a\000r}{}% 20
\BOOKMARK [2][-]{subsection.6.1}{\376\377\000L\000o\000o\000p\000\040\000I\000s\000o\000l\000a\000t\000i\000o\000n\000\040\040\024\000\040\000T\000y\000p\000e\000d\000\040\000M\000e\000s\000s\000a\000g\000e\000\040\000Q\000u\000e\000u\000e}{section.6}% 21
\BOOKMARK [2][-]{subsection.6.2}{\376\377\000R\000e\000c\000u\000r\000s\000i\000v\000e\000\040\000S\000p\000a\000w\000n\000i\000n\000g\000\040\040\024\000\040\000W\000o\000r\000k\000s\000h\000e\000e\000t\000\040\000G\000e\000n\000e\000r\000a\000t\000i\000o\000n}{section.6}% 22
\BOOKMARK [2][-]{subsection.6.3}{\376\377\000S\000a\000n\000d\000b\000o\000x\000\040\000G\000a\000t\000e\000\040\040\024\000\040\000D\000i\000g\000i\000t\000a\000l\000\040\000T\000w\000i\000n\000\040\000P\000r\000e\000-\000E\000x\000e\000c\000u\000t\000i\000o\000n\000\040\000V\000a\000l\000i\000d\000a\000t\000i\000o\000n}{section.6}% 23
\BOOKMARK [2][-]{subsection.6.4}{\376\377\000B\000a\000i\000l\000o\000u\000t\000\040\000P\000r\000o\000t\000o\000c\000o\000l\000\040\040\024\000\040\000E\000x\000c\000e\000p\000t\000i\000o\000n\000\040\000P\000r\000o\000p\000a\000g\000a\000t\000i\000o\000n}{section.6}% 24
\BOOKMARK [1][-]{section.7}{\376\377\000C\000o\000m\000p\000l\000e\000x\000i\000t\000y\000\040\000a\000n\000d\000\040\000P\000e\000r\000f\000o\000r\000m\000a\000n\000c\000e\000\040\000A\000n\000a\000l\000y\000s\000i\000s}{}% 25
\BOOKMARK [2][-]{subsection.7.1}{\376\377\000L\000o\000o\000p\000\040\000I\000s\000o\000l\000a\000t\000i\000o\000n}{section.7}% 26
\BOOKMARK [2][-]{subsection.7.2}{\376\377\000R\000e\000c\000u\000r\000s\000i\000v\000e\000\040\000S\000p\000a\000w\000n\000i\000n\000g}{section.7}% 27
\BOOKMARK [2][-]{subsection.7.3}{\376\377\000S\000a\000n\000d\000b\000o\000x\000\040\000G\000a\000t\000e}{section.7}% 28
\BOOKMARK [2][-]{subsection.7.4}{\376\377\000S\000p\000a\000t\000i\000a\000l\000\040\000F\000i\000r\000e\000w\000a\000l\000l}{section.7}% 29
\BOOKMARK [2][-]{subsection.7.5}{\376\377\000B\000a\000i\000l\000o\000u\000t\000\040\000P\000r\000o\000t\000o\000c\000o\000l}{section.7}% 30
\BOOKMARK [1][-]{section.8}{\376\377\000E\000x\000t\000e\000n\000d\000e\000d\000\040\000C\000a\000s\000e\000\040\000S\000t\000u\000d\000i\000e\000s}{}% 31
\BOOKMARK [2][-]{subsection.8.1}{\376\377\000C\000a\000s\000e\000\040\000S\000t\000u\000d\000y\000\040\0001\000:\000\040\000A\000u\000t\000o\000n\000o\000m\000o\000u\000s\000\040\000A\000g\000r\000i\000c\000u\000l\000t\000u\000r\000a\000l\000\040\000I\000r\000r\000i\000g\000a\000t\000i\000o\000n}{section.8}% 32
\BOOKMARK [2][-]{subsection.8.2}{\376\377\000C\000a\000s\000e\000\040\000S\000t\000u\000d\000y\000\040\0003\000:\000\040\000M\000u\000l\000t\000i\000-\000A\000g\000e\000n\000t\000\040\000S\000o\000f\000t\000w\000a\000r\000e\000\040\000E\000n\000g\000i\000n\000e\000e\000r\000i\000n\000g\000\040\000P\000i\000p\000e\000l\000i\000n\000e}{section.8}% 33
\BOOKMARK [2][-]{subsection.8.3}{\376\377\000C\000a\000s\000e\000\040\000S\000t\000u\000d\000y\000\040\0005\000:\000\040\000N\000a\000t\000i\000o\000n\000a\000l\000\040\000D\000e\000f\000e\000n\000s\000e\000\040\000M\000u\000l\000t\000i\000-\000A\000g\000e\000n\000t\000\040\000C\000o\000m\000m\000a\000n\000d\000\040\000S\000y\000s\000t\000e\000m}{section.8}% 34
\BOOKMARK [1][-]{section.9}{\376\377\000E\000d\000g\000e\000\040\000C\000a\000s\000e\000s\000\040\000a\000n\000d\000\040\000L\000i\000m\000i\000t\000a\000t\000i\000o\000n\000s}{}% 35
\BOOKMARK [2][-]{subsection.9.1}{\376\377\000H\000u\000m\000a\000n\000\040\000A\000c\000c\000o\000u\000n\000t\000a\000b\000i\000l\000i\000t\000y\000\040\000A\000n\000c\000h\000o\000r\000\040\000U\000n\000a\000v\000a\000i\000l\000a\000b\000i\000l\000i\000t\000y}{section.9}% 36
\BOOKMARK [2][-]{subsection.9.2}{\376\377\000P\000u\000r\000p\000o\000s\000e\000\040\000L\000a\000y\000e\000r\000\040\000A\000c\000t\000o\000r\000\040\000C\000o\000n\000f\000l\000i\000c\000t}{section.9}% 37
\BOOKMARK [2][-]{subsection.9.3}{\376\377\000D\000e\000t\000e\000r\000m\000i\000n\000i\000s\000m\000\040\000v\000s\000.\000\040\000P\000r\000o\000b\000a\000b\000i\000l\000i\000s\000t\000i\000c\000\040\000F\000a\000c\000t\000\040\000L\000a\000y\000e\000r}{section.9}% 38
\BOOKMARK [2][-]{subsection.9.4}{\376\377\000R\000e\000c\000u\000r\000s\000i\000v\000e\000\040\000S\000p\000a\000w\000n\000i\000n\000g\000\040\000D\000e\000p\000t\000h}{section.9}% 39
\BOOKMARK [1][-]{section.10}{\376\377\000E\000x\000t\000e\000n\000d\000e\000d\000\040\000R\000e\000l\000a\000t\000e\000d\000\040\000W\000o\000r\000k}{}% 40
\BOOKMARK [2][-]{subsection.10.1}{\376\377\000C\000o\000m\000p\000a\000r\000i\000s\000o\000n\000\040\000w\000i\000t\000h\000\040\000P\000r\000i\000o\000r\000\040\000F\000r\000a\000m\000e\000w\000o\000r\000k\000s}{section.10}% 41
\BOOKMARK [2][-]{subsection.10.2}{\376\377\000I\000S\000O\000/\000I\000E\000C\000\040\0004\0002\0000\0000\0001\000\040\000a\000n\000d\000\040\000N\000I\000S\000T\000\040\000A\000I\000\040\000R\000M\000F\000\040\000A\000l\000i\000g\000n\000m\000e\000n\000t}{section.10}% 42
\BOOKMARK [2][-]{subsection.10.3}{\376\377\000P\000r\000o\000d\000u\000c\000t\000i\000o\000n\000\040\000A\000g\000e\000n\000t\000\040\000A\000r\000c\000h\000i\000t\000e\000c\000t\000u\000r\000e\000\040\000R\000e\000c\000o\000m\000m\000e\000n\000d\000a\000t\000i\000o\000n\000s}{section.10}% 43
\BOOKMARK [1][-]{section.11}{\376\377\000W\000h\000y\000\040\000D\000e\000t\000e\000r\000m\000i\000n\000i\000s\000m\000\040\000I\000s\000\040\000N\000o\000t\000\040\000C\000o\000m\000p\000e\000n\000s\000a\000b\000l\000e}{}% 44
\BOOKMARK [1][-]{section.12}{\376\377\000R\000u\000n\000t\000i\000m\000e\000\040\000M\000o\000n\000i\000t\000o\000r\000i\000n\000g\000\040\000a\000n\000d\000\040\000C\000o\000m\000p\000l\000i\000a\000n\000c\000e\000\040\000V\000e\000r\000i\000f\000i\000c\000a\000t\000i\000o\000n}{}% 45
\BOOKMARK [2][-]{subsection.12.1}{\376\377\000C\000o\000m\000p\000l\000i\000a\000n\000c\000e\000\040\000M\000o\000n\000i\000t\000o\000r\000\040\000A\000r\000c\000h\000i\000t\000e\000c\000t\000u\000r\000e}{section.12}% 46
\BOOKMARK [2][-]{subsection.12.2}{\376\377\000L\000o\000o\000p\000\040\000I\000s\000o\000l\000a\000t\000i\000o\000n\000\040\000V\000i\000o\000l\000a\000t\000i\000o\000n\000\040\000D\000e\000t\000e\000c\000t\000i\000o\000n}{section.12}% 47
\BOOKMARK [2][-]{subsection.12.3}{\376\377\000S\000a\000f\000e\000t\000y\000\040\000E\000n\000v\000e\000l\000o\000p\000e\000\040\000D\000r\000i\000f\000t\000\040\000D\000e\000t\000e\000c\000t\000i\000o\000n}{section.12}% 48
\BOOKMARK [1][-]{section.13}{\376\377\000F\000o\000r\000m\000a\000l\000\040\000V\000e\000r\000i\000f\000i\000c\000a\000t\000i\000o\000n\000\040\000o\000f\000\040\000B\000X\0003\000\040\000C\000o\000m\000p\000l\000i\000a\000n\000c\000e}{}% 49
\BOOKMARK [2][-]{subsection.13.1}{\376\377\000I\000n\000v\000a\000r\000i\000a\000n\000t\000\040\000S\000p\000e\000c\000i\000f\000i\000c\000a\000t\000i\000o\000n\000s}{section.13}% 50
\BOOKMARK [2][-]{subsection.13.2}{\376\377\000M\000o\000d\000e\000l\000\040\000C\000h\000e\000c\000k\000i\000n\000g}{section.13}% 51
\BOOKMARK [2][-]{subsection.13.3}{\376\377\000D\000e\000a\000d\000l\000o\000c\000k\000\040\000a\000n\000d\000\040\000L\000i\000v\000e\000n\000e\000s\000s\000\040\000A\000n\000a\000l\000y\000s\000i\000s}{section.13}% 52
\BOOKMARK [2][-]{subsection.13.4}{\376\377\000P\000r\000o\000b\000a\000b\000i\000l\000i\000s\000t\000i\000c\000\040\000B\000o\000u\000n\000d\000i\000n\000g}{section.13}% 53
\BOOKMARK [2][-]{subsection.13.5}{\376\377\000C\000o\000u\000n\000t\000e\000r\000e\000x\000a\000m\000p\000l\000e\000-\000G\000u\000i\000d\000e\000d\000\040\000R\000e\000d\000e\000s\000i\000g\000n}{section.13}% 54
\BOOKMARK [1][-]{section.14}{\376\377\000D\000e\000s\000i\000g\000n\000i\000n\000g\000\040\000a\000\040\000B\000X\0003\000-\000C\000o\000m\000p\000l\000i\000a\000n\000t\000\040\000S\000y\000s\000t\000e\000m\000:\000\040\000A\000\040\000S\000t\000e\000p\000-\000b\000y\000-\000S\000t\000e\000p\000\040\000G\000u\000i\000d\000e}{}% 55
\BOOKMARK [2][-]{subsection.14.1}{\376\377\000S\000t\000e\000p\000\040\0001\000:\000\040\000I\000d\000e\000n\000t\000i\000f\000y\000\040\000t\000h\000e\000\040\000P\000u\000r\000p\000o\000s\000e\000\040\000L\000a\000y\000e\000r}{section.14}% 56
\BOOKMARK [2][-]{subsection.14.2}{\376\377\000S\000t\000e\000p\000\040\0002\000:\000\040\000D\000e\000f\000i\000n\000e\000\040\000t\000h\000e\000\040\000S\000a\000f\000e\000t\000y\000\040\000E\000n\000v\000e\000l\000o\000p\000e}{section.14}% 57
\BOOKMARK [2][-]{subsection.14.3}{\376\377\000S\000t\000e\000p\000\040\0003\000:\000\040\000S\000e\000l\000e\000c\000t\000\040\000t\000h\000e\000\040\000B\000o\000u\000n\000d\000s\000\040\000E\000n\000g\000i\000n\000e}{section.14}% 58
\BOOKMARK [2][-]{subsection.14.4}{\376\377\000S\000t\000e\000p\000\040\0004\000:\000\040\000I\000m\000p\000l\000e\000m\000e\000n\000t\000\040\000t\000h\000e\000\040\000F\000a\000c\000t\000\040\000L\000a\000y\000e\000r}{section.14}% 59
\BOOKMARK [2][-]{subsection.14.5}{\376\377\000S\000t\000e\000p\000\040\0005\000:\000\040\000I\000n\000s\000t\000a\000n\000t\000i\000a\000t\000e\000\040\000t\000h\000e\000\040\000F\000i\000v\000e\000\040\000P\000i\000l\000l\000a\000r\000s}{section.14}% 60
\BOOKMARK [2][-]{subsection.14.6}{\376\377\000S\000t\000e\000p\000\040\0006\000:\000\040\000D\000e\000p\000l\000o\000y\000\040\000t\000h\000e\000\040\000C\000o\000m\000p\000l\000i\000a\000n\000c\000e\000\040\000M\000o\000n\000i\000t\000o\000r}{section.14}% 61
\BOOKMARK [1][-]{section.15}{\376\377\000E\000x\000t\000e\000n\000d\000i\000n\000g\000\040\000t\000h\000e\000\040\000F\000r\000a\000m\000e\000w\000o\000r\000k}{}% 62
\BOOKMARK [2][-]{subsection.15.1}{\376\377\000E\000x\000t\000e\000n\000s\000i\000o\000n\000s\000\040\000U\000n\000d\000e\000r\000\040\000D\000e\000v\000e\000l\000o\000p\000m\000e\000n\000t}{section.15}% 63
\BOOKMARK [2][-]{subsection.15.2}{\376\377\000E\000x\000t\000e\000n\000s\000i\000o\000n\000\040\000P\000r\000i\000n\000c\000i\000p\000l\000e\000s}{section.15}% 64
\BOOKMARK [1][-]{section.16}{\376\377\000E\000m\000e\000r\000g\000i\000n\000g\000\040\000A\000p\000p\000l\000i\000c\000a\000t\000i\000o\000n\000\040\000D\000o\000m\000a\000i\000n\000s}{}% 65
\BOOKMARK [2][-]{subsection.16.1}{\376\377\000R\000o\000b\000o\000t\000i\000c\000\040\000S\000u\000r\000g\000e\000r\000y}{section.16}% 66
\BOOKMARK [2][-]{subsection.16.2}{\376\377\000S\000m\000a\000r\000t\000\040\000G\000r\000i\000d\000\040\000a\000n\000d\000\040\000E\000n\000e\000r\000g\000y\000\040\000M\000a\000n\000a\000g\000e\000m\000e\000n\000t}{section.16}% 67
\BOOKMARK [2][-]{subsection.16.3}{\376\377\000A\000u\000t\000o\000n\000o\000m\000o\000u\000s\000\040\000F\000r\000e\000i\000g\000h\000t}{section.16}% 68
\BOOKMARK [1][-]{section.17}{\376\377\000R\000e\000g\000u\000l\000a\000t\000o\000r\000y\000\040\000C\000o\000m\000p\000l\000i\000a\000n\000c\000e\000\040\000a\000n\000d\000\040\000C\000e\000r\000t\000i\000f\000i\000c\000a\000t\000i\000o\000n}{}% 69
\BOOKMARK [1][-]{section.18}{\376\377\000C\000o\000n\000c\000l\000u\000s\000i\000o\000n}{}% 70
\BOOKMARK [2][-]{subsection.18.1}{\376\377\000F\000u\000n\000d\000i\000n\000g\000\040\000D\000i\000s\000c\000l\000o\000s\000u\000r\000e}{section.18}% 71
\BOOKMARK [2][-]{subsection.18.2}{\376\377\000C\000o\000n\000f\000l\000i\000c\000t\000\040\000o\000f\000\040\000I\000n\000t\000e\000r\000e\000s\000t\000\040\000S\000t\000a\000t\000e\000m\000e\000n\000t}{section.18}% 72
\BOOKMARK [1][-]{section.19}{\376\377\000G\000l\000o\000s\000s\000a\000r\000y\000\040\000o\000f\000\040\000K\000e\000y\000\040\000T\000e\000r\000m\000s}{}% 73
\BOOKMARK [1][-]{section.20}{\376\377\000A\000p\000p\000e\000n\000d\000i\000x\000:\000\040\000A\000b\000o\000u\000t\000\040\000t\000h\000e\000\040\000A\000u\000t\000h\000o\000r}{}% 74
\BOOKMARK [1][-]{section.21}{\376\377\000A\000p\000p\000e\000n\000d\000i\000x\000:\000\040\000R\000e\000p\000r\000o\000d\000u\000c\000i\000b\000i\000l\000i\000t\000y\000\040\000a\000n\000d\000\040\000O\000p\000e\000n\000\040\000S\000o\000u\000r\000c\000e}{}% 75
\BOOKMARK [1][-]{section.22}{\376\377\000A\000p\000p\000e\000n\000d\000i\000x\000:\000\040\000C\000h\000a\000n\000g\000e\000\040\000L\000o\000g\000\040\000a\000n\000d\000\040\000V\000e\000r\000s\000i\000o\000n\000\040\000H\000i\000s\000t\000o\000r\000y}{}% 76
\BOOKMARK [2][-]{subsection.22.1}{\376\377\000V\000e\000r\000s\000i\000o\000n\000\040\0001\000.\0000\000\040\000\050\000A\000p\000r\000i\000l\000\040\0002\0000\0002\0006\000\051}{section.22}% 77
\BOOKMARK [2][-]{subsection.22.2}{\376\377\000V\000e\000r\000s\000i\000o\000n\000\040\0000\000.\0009\000\040\000\050\000F\000e\000b\000r\000u\000a\000r\000y\000\040\0002\0000\0002\0006\000\051}{section.22}% 78
\BOOKMARK [2][-]{subsection.22.3}{\376\377\000V\000e\000r\000s\000i\000o\000n\000\040\0000\000.\0005\000\040\000\050\000N\000o\000v\000e\000m\000b\000e\000r\000\040\0002\0000\0002\0005\000\051}{section.22}% 79
\BOOKMARK [1][-]{section.23}{\376\377\000A\000p\000p\000e\000n\000d\000i\000x\000:\000\040\000N\000o\000t\000a\000t\000i\000o\000n\000\040\000a\000n\000d\000\040\000T\000y\000p\000o\000g\000r\000a\000p\000h\000y\000\040\000G\000u\000i\000d\000e}{}% 80
