\BOOKMARK [1][-]{section.1}{\376\377\000I\000n\000t\000r\000o\000d\000u\000c\000t\000i\000o\000n}{}% 1
\BOOKMARK [2][-]{subsection.1.1}{\376\377\000W\000h\000y\000\040\000A\000u\000t\000o\000n\000o\000m\000o\000u\000s\000\040\000M\000u\000l\000t\000i\000-\000A\000g\000e\000n\000t\000\040\000S\000y\000s\000t\000e\000m\000s\000\040\000R\000e\000q\000u\000i\000r\000e\000\040\000a\000\040\000M\000a\000n\000d\000a\000t\000o\000r\000y\000\040\000B\000a\000i\000l\000-\000O\000u\000t\000\040\000M\000e\000c\000h\000a\000n\000i\000s\000m}{section.1}% 2
\BOOKMARK [2][-]{subsection.1.2}{\376\377\000W\000h\000a\000t\000\040\000H\000a\000p\000p\000e\000n\000s\000\040\000W\000h\000e\000n\000\040\000S\000y\000s\000t\000e\000m\000s\000\040\000D\000o\000\040\000N\000o\000t\000\040\000H\000a\000v\000e\000\040\000O\000n\000e}{section.1}% 3
\BOOKMARK [2][-]{subsection.1.3}{\376\377\000T\000h\000e\000\040\000C\000o\000r\000e\000\040\000I\000n\000s\000i\000g\000h\000t\000:\000\040\000A\000c\000c\000o\000u\000n\000t\000a\000b\000i\000l\000i\000t\000y\000\040\000M\000u\000s\000t\000\040\000H\000a\000v\000e\000\040\000a\000n\000\040\000A\000r\000c\000h\000i\000t\000e\000c\000t\000u\000r\000a\000l\000\040\000F\000a\000l\000l\000b\000a\000c\000k}{section.1}% 4
\BOOKMARK [2][-]{subsection.1.4}{\376\377\000P\000a\000p\000e\000r\000\040\000R\000o\000a\000d\000m\000a\000p}{section.1}% 5
\BOOKMARK [1][-]{section.2}{\376\377\000B\000a\000c\000k\000g\000r\000o\000u\000n\000d}{}% 6
\BOOKMARK [2][-]{subsection.2.1}{\376\377\000S\000e\000p\000a\000r\000a\000t\000i\000o\000n\000\040\000o\000f\000\040\000C\000o\000n\000c\000e\000r\000n\000s\000\040\000a\000n\000d\000\040\000A\000c\000c\000o\000u\000n\000t\000a\000b\000i\000l\000i\000t\000y\000\040\000A\000r\000c\000h\000i\000t\000e\000c\000t\000u\000r\000e}{section.2}% 7
\BOOKMARK [2][-]{subsection.2.2}{\376\377\000A\000c\000c\000o\000u\000n\000t\000a\000b\000i\000l\000i\000t\000y\000\040\000i\000n\000\040\000M\000u\000l\000t\000i\000-\000A\000g\000e\000n\000t\000\040\000A\000I\000\040\000S\000y\000s\000t\000e\000m\000s}{section.2}% 8
\BOOKMARK [2][-]{subsection.2.3}{\376\377\000H\000u\000m\000a\000n\000-\000i\000n\000-\000t\000h\000e\000-\000L\000o\000o\000p\000\040\000D\000e\000s\000i\000g\000n}{section.2}% 9
\BOOKMARK [2][-]{subsection.2.4}{\376\377\000F\000a\000i\000l\000-\000S\000a\000f\000e\000\040\000D\000e\000s\000i\000g\000n\000\040\000i\000n\000\040\000S\000a\000f\000e\000t\000y\000-\000C\000r\000i\000t\000i\000c\000a\000l\000\040\000S\000y\000s\000t\000e\000m\000s}{section.2}% 10
\BOOKMARK [2][-]{subsection.2.5}{\376\377\000T\000h\000e\000\040\000B\000X\0003\000\040\000F\000r\000a\000m\000e\000w\000o\000r\000k\000:\000\040\000A\000\040\000T\000h\000r\000e\000e\000-\000L\000a\000y\000e\000r\000\040\000A\000c\000c\000o\000u\000n\000t\000a\000b\000i\000l\000i\000t\000y\000\040\000A\000r\000c\000h\000i\000t\000e\000c\000t\000u\000r\000e}{section.2}% 11
\BOOKMARK [1][-]{section.3}{\376\377\000T\000h\000e\000\040\000B\000a\000i\000l\000o\000u\000t\000\040\000P\000r\000o\000t\000o\000c\000o\000l}{}% 12
\BOOKMARK [2][-]{subsection.3.1}{\376\377\000F\000o\000r\000m\000a\000l\000\040\000D\000e\000f\000i\000n\000i\000t\000i\000o\000n\000s}{section.3}% 13
\BOOKMARK [2][-]{subsection.3.2}{\376\377\000T\000h\000e\000\040\000B\000a\000i\000l\000o\000u\000t\000\040\000P\000r\000o\000t\000o\000c\000o\000l\000\040\000S\000t\000a\000t\000e\000\040\000M\000a\000c\000h\000i\000n\000e}{section.3}% 14
\BOOKMARK [2][-]{subsection.3.3}{\376\377\000T\000r\000a\000n\000s\000i\000t\000i\000o\000n\000\040\000C\000o\000n\000d\000i\000t\000i\000o\000n\000s}{section.3}% 15
\BOOKMARK [2][-]{subsection.3.4}{\376\377\000B\000a\000i\000l\000-\000O\000u\000t\000\040\000T\000r\000i\000g\000g\000e\000r\000\040\000C\000o\000n\000d\000i\000t\000i\000o\000n\000s}{section.3}% 16
\BOOKMARK [2][-]{subsection.3.5}{\376\377\000E\000s\000c\000a\000l\000a\000t\000i\000o\000n\000\040\000A\000l\000g\000o\000r\000i\000t\000h\000m}{section.3}% 17
\BOOKMARK [2][-]{subsection.3.6}{\376\377\000B\000y\000p\000a\000s\000s\000\040\000M\000e\000c\000h\000a\000n\000i\000s\000m\000:\000\040\000W\000h\000y\000\040\000t\000h\000e\000\040\000B\000a\000i\000l\000o\000u\000t\000\040\000P\000r\000o\000t\000o\000c\000o\000l\000\040\000B\000y\000p\000a\000s\000s\000e\000s\000\040\000A\000l\000l\000\040\000M\000a\000c\000h\000i\000n\000e\000\040\000A\000c\000t\000o\000r\000s}{section.3}% 18
\BOOKMARK [2][-]{subsection.3.7}{\376\377\000T\000i\000m\000e\000o\000u\000t\000\040\000H\000a\000n\000d\000l\000i\000n\000g}{section.3}% 19
\BOOKMARK [1][-]{section.4}{\376\377\000I\000m\000p\000l\000e\000m\000e\000n\000t\000a\000t\000i\000o\000n\000\040\000i\000n\000\040\000t\000h\000e\000\040\000B\000X\0003\000\040\000F\000r\000a\000m\000e\000w\000o\000r\000k}{}% 20
\BOOKMARK [2][-]{subsection.4.1}{\376\377\000P\000u\000r\000p\000o\000s\000e\000\040\000L\000a\000y\000e\000r\000:\000\040\000H\000u\000m\000a\000n\000\040\000A\000c\000c\000o\000u\000n\000t\000a\000b\000i\000l\000i\000t\000y\000\040\000A\000n\000c\000h\000o\000r}{section.4}% 21
\BOOKMARK [2][-]{subsection.4.2}{\376\377\000B\000o\000u\000n\000d\000s\000\040\000E\000n\000g\000i\000n\000e\000:\000\040\000T\000r\000i\000g\000g\000e\000r\000i\000n\000g\000\040\000B\000a\000i\000l\000-\000O\000u\000t}{section.4}% 22
\BOOKMARK [2][-]{subsection.4.3}{\376\377\000F\000a\000c\000t\000\040\000L\000a\000y\000e\000r\000:\000\040\000H\000a\000r\000d\000\040\000B\000l\000o\000c\000k\000\040\000a\000n\000d\000\040\000F\000o\000r\000e\000n\000s\000i\000c\000\040\000L\000e\000d\000g\000e\000r}{section.4}% 23
\BOOKMARK [2][-]{subsection.4.4}{\376\377\000B\000a\000i\000l\000o\000u\000t\000\040\000P\000r\000o\000t\000o\000c\000o\000l\000\040\000a\000s\000\040\000R\000u\000n\000t\000i\000m\000e\000\040\000E\000x\000p\000r\000e\000s\000s\000i\000o\000n\000\040\000o\000f\000\040\000t\000h\000e\000\040\000U\000p\000s\000t\000r\000e\000a\000m\000\040\000A\000c\000c\000o\000u\000n\000t\000a\000b\000i\000l\000i\000t\000y\000\040\000G\000u\000a\000r\000a\000n\000t\000e\000e}{section.4}% 24
\BOOKMARK [2][-]{subsection.4.5}{\376\377\000S\000t\000a\000t\000e\000\040\000M\000a\000c\000h\000i\000n\000e\000\040\000a\000s\000\040\000F\000a\000c\000t\000\040\000L\000a\000y\000e\000r\000\040\000E\000x\000t\000e\000n\000s\000i\000o\000n}{section.4}% 25
\BOOKMARK [1][-]{section.5}{\376\377\000G\000u\000a\000r\000a\000n\000t\000e\000e\000s\000\040\000a\000n\000d\000\040\000C\000o\000r\000r\000e\000c\000t\000n\000e\000s\000s\000\040\000P\000r\000o\000p\000e\000r\000t\000i\000e\000s}{}% 26
\BOOKMARK [2][-]{subsection.5.1}{\376\377\000F\000o\000r\000m\000a\000l\000\040\000F\000r\000a\000m\000e\000w\000o\000r\000k\000\040\000f\000o\000r\000\040\000G\000u\000a\000r\000a\000n\000t\000e\000e\000s}{section.5}% 27
\BOOKMARK [2][-]{subsection.5.2}{\376\377\000G\000U\000A\000R\000A\000N\000T\000E\000E\000\040\0001\000:\000\040\000S\000a\000f\000e\000t\000y\000\040\040\024\000\040\000N\000o\000\040\000A\000u\000t\000o\000n\000o\000m\000o\000u\000s\000\040\000C\000o\000l\000l\000a\000p\000s\000e}{section.5}% 28
\BOOKMARK [2][-]{subsection.5.3}{\376\377\000G\000U\000A\000R\000A\000N\000T\000E\000E\000\040\0002\000:\000\040\000L\000i\000v\000e\000n\000e\000s\000s\000\040\040\024\000\040\000E\000v\000e\000n\000t\000u\000a\000l\000\040\000H\000u\000m\000a\000n\000\040\000C\000o\000n\000t\000a\000c\000t}{section.5}% 29
\BOOKMARK [2][-]{subsection.5.4}{\376\377\000G\000U\000A\000R\000A\000N\000T\000E\000E\000\040\0003\000:\000\040\000A\000c\000c\000o\000u\000n\000t\000a\000b\000i\000l\000i\000t\000y\000\040\040\024\000\040\000H\000u\000m\000a\000n\000\040\000A\000l\000w\000a\000y\000s\000\040\000I\000d\000e\000n\000t\000i\000f\000i\000a\000b\000l\000e}{section.5}% 30
\BOOKMARK [2][-]{subsection.5.5}{\376\377\000C\000o\000r\000o\000l\000l\000a\000r\000i\000e\000s\000\040\000a\000n\000d\000\040\000I\000n\000t\000e\000r\000a\000c\000t\000i\000o\000n\000\040\000E\000f\000f\000e\000c\000t\000s}{section.5}% 31
\BOOKMARK [2][-]{subsection.5.6}{\376\377\000V\000e\000r\000i\000f\000i\000c\000a\000t\000i\000o\000n\000\040\000a\000n\000d\000\040\000A\000u\000d\000i\000t}{section.5}% 32
\BOOKMARK [1][-]{section.6}{\376\377\000L\000i\000m\000i\000t\000a\000t\000i\000o\000n\000s\000\040\000a\000n\000d\000\040\000F\000u\000t\000u\000r\000e\000\040\000W\000o\000r\000k}{}% 33
\BOOKMARK [2][-]{subsection.6.1}{\376\377\000L\000i\000m\000i\000t\000a\000t\000i\000o\000n\000s}{section.6}% 34
\BOOKMARK [3][-]{subsubsection.6.1.1}{\376\377\000H\000u\000m\000a\000n\000\040\000R\000e\000s\000p\000o\000n\000s\000e\000\040\000L\000a\000t\000e\000n\000c\000y}{subsection.6.1}% 35
\BOOKMARK [3][-]{subsubsection.6.1.2}{\376\377\000A\000d\000v\000e\000r\000s\000a\000r\000i\000a\000l\000\040\000C\000o\000n\000d\000i\000t\000i\000o\000n\000s}{subsection.6.1}% 36
\BOOKMARK [3][-]{subsubsection.6.1.3}{\376\377\000S\000c\000a\000l\000a\000b\000i\000l\000i\000t\000y}{subsection.6.1}% 37
\BOOKMARK [3][-]{subsubsection.6.1.4}{\376\377\000E\000x\000p\000l\000o\000i\000t\000a\000t\000i\000o\000n\000\040\000R\000i\000s\000k}{subsection.6.1}% 38
\BOOKMARK [2][-]{subsection.6.2}{\376\377\000F\000u\000t\000u\000r\000e\000\040\000W\000o\000r\000k}{section.6}% 39
\BOOKMARK [3][-]{subsubsection.6.2.1}{\376\377\000F\000o\000r\000m\000a\000l\000\040\000V\000e\000r\000i\000f\000i\000c\000a\000t\000i\000o\000n}{subsection.6.2}% 40
\BOOKMARK [3][-]{subsubsection.6.2.2}{\376\377\000A\000d\000a\000p\000t\000i\000v\000e\000\040\000T\000i\000m\000e\000o\000u\000t}{subsection.6.2}% 41
\BOOKMARK [3][-]{subsubsection.6.2.3}{\376\377\000D\000i\000s\000t\000r\000i\000b\000u\000t\000e\000d\000\040\000H\000u\000m\000a\000n\000\040\000A\000n\000c\000h\000o\000r\000\040\000P\000o\000o\000l\000s}{subsection.6.2}% 42
\BOOKMARK [1][-]{section.7}{\376\377\000C\000o\000n\000c\000l\000u\000s\000i\000o\000n}{}% 43
\BOOKMARK [1][-]{section.8}{\376\377\000R\000e\000l\000a\000t\000e\000d\000\040\000W\000o\000r\000k}{}% 44
\BOOKMARK [2][-]{subsection.8.1}{\376\377\000A\000c\000c\000o\000u\000n\000t\000a\000b\000i\000l\000i\000t\000y\000\040\000i\000n\000\040\000M\000u\000l\000t\000i\000-\000A\000g\000e\000n\000t\000\040\000A\000I\000\040\000S\000y\000s\000t\000e\000m\000s}{section.8}% 45
\BOOKMARK [2][-]{subsection.8.2}{\376\377\000H\000u\000m\000a\000n\000-\000i\000n\000-\000t\000h\000e\000-\000L\000o\000o\000p\000\040\000D\000e\000s\000i\000g\000n}{section.8}% 46
\BOOKMARK [2][-]{subsection.8.3}{\376\377\000F\000a\000i\000l\000-\000S\000a\000f\000e\000\040\000D\000e\000s\000i\000g\000n\000\040\000i\000n\000\040\000S\000a\000f\000e\000t\000y\000-\000C\000r\000i\000t\000i\000c\000a\000l\000\040\000S\000y\000s\000t\000e\000m\000s}{section.8}% 47
\BOOKMARK [2][-]{subsection.8.4}{\376\377\000F\000o\000r\000m\000a\000l\000\040\000V\000e\000r\000i\000f\000i\000c\000a\000t\000i\000o\000n\000\040\000o\000f\000\040\000D\000i\000s\000t\000r\000i\000b\000u\000t\000e\000d\000\040\000P\000r\000o\000t\000o\000c\000o\000l\000s}{section.8}% 48
\BOOKMARK [2][-]{subsection.8.5}{\376\377\000R\000e\000l\000a\000t\000i\000o\000n\000s\000h\000i\000p\000\040\000t\000o\000\040\000T\000i\000e\000r\000e\000d\000\040\000A\000g\000e\000n\000t\000i\000c\000\040\000O\000v\000e\000r\000s\000i\000g\000h\000t\000\040\000\050\000T\000A\000O\000\051}{section.8}% 49
\BOOKMARK [2][-]{subsection.8.6}{\376\377\000R\000e\000l\000a\000t\000i\000o\000n\000s\000h\000i\000p\000\040\000t\000o\000\040\000t\000h\000e\000\040\000B\000X\0003\000\040\000F\000r\000a\000m\000e\000w\000o\000r\000k}{section.8}% 50
\BOOKMARK [1][-]{section.9}{\376\377\000C\000o\000n\000c\000l\000u\000s\000i\000o\000n}{}% 51
