\BOOKMARK [1][-]{section.1}{\376\377\000I\000n\000t\000r\000o\000d\000u\000c\000t\000i\000o\000n}{}% 1
\BOOKMARK [2][-]{subsection.1.1}{\376\377\000T\000h\000e\000\040\000A\000u\000t\000o\000n\000o\000m\000o\000u\000s\000\040\000D\000r\000i\000f\000t\000\040\000P\000r\000o\000b\000l\000e\000m\000\040\000i\000n\000\040\000R\000e\000c\000u\000r\000s\000i\000v\000e\000\040\000M\000u\000l\000t\000i\000-\000A\000g\000e\000n\000t\000\040\000S\000y\000s\000t\000e\000m\000s}{section.1}% 2
\BOOKMARK [2][-]{subsection.1.2}{\376\377\000W\000h\000y\000\040\000E\000x\000i\000s\000t\000i\000n\000g\000\040\000A\000p\000p\000r\000o\000a\000c\000h\000e\000s\000\040\000A\000r\000e\000\040\000I\000n\000s\000u\000f\000f\000i\000c\000i\000e\000n\000t}{section.1}% 3
\BOOKMARK [2][-]{subsection.1.3}{\376\377\000F\000o\000r\000m\000a\000l\000\040\000D\000e\000f\000i\000n\000i\000t\000i\000o\000n\000\040\000o\000f\000\040\000A\000u\000t\000o\000n\000o\000m\000o\000u\000s\000\040\000D\000r\000i\000f\000t}{section.1}% 4
\BOOKMARK [2][-]{subsection.1.4}{\376\377\000P\000a\000p\000e\000r\000\040\000R\000o\000a\000d\000m\000a\000p}{section.1}% 5
\BOOKMARK [1][-]{section.2}{\376\377\000T\000h\000e\000\040\000B\000X\0003\000\040\000F\000r\000a\000m\000e\000w\000o\000r\000k\000:\000\040\000S\000c\000o\000p\000e\000,\000\040\000P\000u\000r\000p\000o\000s\000e\000,\000\040\000a\000n\000d\000\040\000C\000o\000n\000t\000r\000i\000b\000u\000t\000i\000o\000n}{}% 6
\BOOKMARK [2][-]{subsection.2.1}{\376\377\000R\000e\000l\000a\000t\000i\000o\000n\000s\000h\000i\000p\000\040\000t\000o\000\040\000t\000h\000e\000\040\000B\000a\000i\000l\000o\000u\000t\000\040\000P\000r\000o\000t\000o\000c\000o\000l\000\040\000P\000a\000p\000e\000r}{section.2}% 7
\BOOKMARK [1][-]{section.3}{\376\377\000B\000a\000c\000k\000g\000r\000o\000u\000n\000d}{}% 8
\BOOKMARK [2][-]{subsection.3.1}{\376\377\000A\000g\000e\000n\000t\000\040\000L\000i\000f\000e\000c\000y\000c\000l\000e\000\040\000M\000a\000n\000a\000g\000e\000m\000e\000n\000t\000\040\000i\000n\000\040\000M\000u\000l\000t\000i\000-\000A\000g\000e\000n\000t\000\040\000S\000y\000s\000t\000e\000m\000s}{section.3}% 9
\BOOKMARK [2][-]{subsection.3.2}{\376\377\000A\000c\000c\000o\000u\000n\000t\000a\000b\000i\000l\000i\000t\000y\000\040\000a\000n\000d\000\040\000P\000r\000o\000v\000e\000n\000a\000n\000c\000e\000\040\000i\000n\000\040\000D\000i\000s\000t\000r\000i\000b\000u\000t\000e\000d\000\040\000S\000y\000s\000t\000e\000m\000s}{section.3}% 10
\BOOKMARK [2][-]{subsection.3.3}{\376\377\000F\000i\000x\000e\000d\000\040\000v\000s\000.\000\040\000M\000u\000t\000a\000b\000l\000e\000\040\000D\000e\000l\000e\000g\000a\000t\000i\000o\000n\000\040\000C\000h\000a\000i\000n\000s}{section.3}% 11
\BOOKMARK [2][-]{subsection.3.4}{\376\377\000H\000i\000e\000r\000a\000r\000c\000h\000i\000c\000a\000l\000\040\000T\000a\000s\000k\000\040\000D\000e\000c\000o\000m\000p\000o\000s\000i\000t\000i\000o\000n\000\040\000i\000n\000\040\000A\000I}{section.3}% 12
\BOOKMARK [2][-]{subsection.3.5}{\376\377\000T\000h\000e\000\040\000B\000X\0003\000\040\000F\000r\000a\000m\000e\000w\000o\000r\000k\000\040\000a\000s\000\040\000S\000u\000b\000s\000t\000r\000a\000t\000e\000\040\000f\000o\000r\000\040\000I\000m\000m\000u\000t\000a\000b\000l\000e\000\040\000P\000a\000r\000e\000n\000t\000\040\000C\000h\000a\000i\000n\000s}{section.3}% 13
\BOOKMARK [1][-]{section.4}{\376\377\000T\000h\000e\000\040\000B\000X\0003\000\040\000T\000h\000r\000e\000e\000-\000L\000a\000y\000e\000r\000\040\000M\000o\000d\000e\000l}{}% 14
\BOOKMARK [2][-]{subsection.4.1}{\376\377\000L\000a\000y\000e\000r\000\040\000D\000e\000f\000i\000n\000i\000t\000i\000o\000n\000s}{section.4}% 15
\BOOKMARK [2][-]{subsection.4.2}{\376\377\000T\000h\000e\000\040\000A\000u\000t\000h\000o\000r\000i\000z\000a\000t\000i\000o\000n\000\040\000L\000e\000d\000g\000e\000r}{section.4}% 16
\BOOKMARK [2][-]{subsection.4.3}{\376\377\000T\000h\000e\000\040\000F\000o\000r\000e\000n\000s\000i\000c\000\040\000L\000e\000d\000g\000e\000r}{section.4}% 17
\BOOKMARK [2][-]{subsection.4.4}{\376\377\000L\000a\000y\000e\000r\000\040\000I\000n\000t\000e\000r\000a\000c\000t\000i\000o\000n\000\040\000C\000o\000n\000s\000t\000r\000a\000i\000n\000t\000s}{section.4}% 18
\BOOKMARK [2][-]{subsection.4.5}{\376\377\000T\000h\000r\000e\000e\000-\000L\000a\000y\000e\000r\000\040\000I\000n\000v\000a\000r\000i\000a\000n\000t\000s}{section.4}% 19
\BOOKMARK [1][-]{section.5}{\376\377\000P\000i\000l\000l\000a\000r\000\040\0001\000:\000\040\000L\000o\000o\000p\000\040\000I\000s\000o\000l\000a\000t\000i\000o\000n}{}% 20
\BOOKMARK [2][-]{subsection.5.1}{\376\377\000C\000o\000n\000c\000e\000p\000t\000u\000a\000l\000\040\000M\000o\000t\000i\000v\000a\000t\000i\000o\000n}{section.5}% 21
\BOOKMARK [2][-]{subsection.5.2}{\376\377\000F\000o\000r\000m\000a\000l\000\040\000D\000e\000f\000i\000n\000i\000t\000i\000o\000n}{section.5}% 22
\BOOKMARK [2][-]{subsection.5.3}{\376\377\000S\000t\000a\000t\000e\000\040\000M\000a\000c\000h\000i\000n\000e\000\040\000F\000o\000r\000m\000a\000l\000i\000s\000m}{section.5}% 23
\BOOKMARK [2][-]{subsection.5.4}{\376\377\000I\000n\000v\000a\000r\000i\000a\000n\000t\000s}{section.5}% 24
\BOOKMARK [2][-]{subsection.5.5}{\376\377\000R\000e\000l\000a\000t\000i\000o\000n\000s\000h\000i\000p\000\040\000t\000o\000\040\000t\000h\000e\000\040\000T\000h\000r\000e\000e\000-\000L\000a\000y\000e\000r\000\040\000M\000o\000d\000e\000l}{section.5}% 25
\BOOKMARK [2][-]{subsection.5.6}{\376\377\000R\000e\000l\000a\000t\000i\000o\000n\000s\000h\000i\000p\000\040\000t\000o\000\040\000t\000h\000e\000\040\000U\000p\000s\000t\000r\000e\000a\000m\000\040\000A\000c\000c\000o\000u\000n\000t\000a\000b\000i\000l\000i\000t\000y\000\040\000G\000u\000a\000r\000a\000n\000t\000e\000e}{section.5}% 26
\BOOKMARK [1][-]{section.6}{\376\377\000P\000i\000l\000l\000a\000r\000\040\0002\000:\000\040\000R\000e\000c\000u\000r\000s\000i\000v\000e\000\040\000S\000p\000a\000w\000n\000i\000n\000g}{}% 27
\BOOKMARK [2][-]{subsection.6.1}{\376\377\000C\000o\000n\000c\000e\000p\000t\000u\000a\000l\000\040\000M\000o\000t\000i\000v\000a\000t\000i\000o\000n}{section.6}% 28
\BOOKMARK [2][-]{subsection.6.2}{\376\377\000F\000o\000r\000m\000a\000l\000\040\000D\000e\000f\000i\000n\000i\000t\000i\000o\000n}{section.6}% 29
\BOOKMARK [2][-]{subsection.6.3}{\376\377\000S\000t\000a\000t\000e\000\040\000M\000a\000c\000h\000i\000n\000e\000\040\000F\000o\000r\000m\000a\000l\000i\000s\000m}{section.6}% 30
\BOOKMARK [2][-]{subsection.6.4}{\376\377\000I\000n\000v\000a\000r\000i\000a\000n\000t\000s}{section.6}% 31
\BOOKMARK [2][-]{subsection.6.5}{\376\377\000R\000e\000l\000a\000t\000i\000o\000n\000s\000h\000i\000p\000\040\000t\000o\000\040\000t\000h\000e\000\040\000T\000h\000r\000e\000e\000-\000L\000a\000y\000e\000r\000\040\000M\000o\000d\000e\000l}{section.6}% 32
\BOOKMARK [2][-]{subsection.6.6}{\376\377\000R\000e\000l\000a\000t\000i\000o\000n\000s\000h\000i\000p\000\040\000t\000o\000\040\000t\000h\000e\000\040\000U\000p\000s\000t\000r\000e\000a\000m\000\040\000A\000c\000c\000o\000u\000n\000t\000a\000b\000i\000l\000i\000t\000y\000\040\000G\000u\000a\000r\000a\000n\000t\000e\000e}{section.6}% 33
\BOOKMARK [1][-]{section.7}{\376\377\000P\000i\000l\000l\000a\000r\000\040\0003\000:\000\040\000S\000p\000a\000t\000i\000a\000l\000\040\000F\000i\000r\000e\000w\000a\000l\000l}{}% 34
\BOOKMARK [2][-]{subsection.7.1}{\376\377\000C\000o\000n\000c\000e\000p\000t\000u\000a\000l\000\040\000M\000o\000t\000i\000v\000a\000t\000i\000o\000n}{section.7}% 35
\BOOKMARK [2][-]{subsection.7.2}{\376\377\000F\000o\000r\000m\000a\000l\000\040\000D\000e\000f\000i\000n\000i\000t\000i\000o\000n}{section.7}% 36
\BOOKMARK [2][-]{subsection.7.3}{\376\377\000S\000t\000a\000t\000e\000\040\000M\000a\000c\000h\000i\000n\000e\000\040\000F\000o\000r\000m\000a\000l\000i\000s\000m}{section.7}% 37
\BOOKMARK [2][-]{subsection.7.4}{\376\377\000I\000n\000v\000a\000r\000i\000a\000n\000t\000s}{section.7}% 38
\BOOKMARK [2][-]{subsection.7.5}{\376\377\000R\000e\000l\000a\000t\000i\000o\000n\000s\000h\000i\000p\000\040\000t\000o\000\040\000t\000h\000e\000\040\000U\000p\000s\000t\000r\000e\000a\000m\000\040\000A\000c\000c\000o\000u\000n\000t\000a\000b\000i\000l\000i\000t\000y\000\040\000G\000u\000a\000r\000a\000n\000t\000e\000e}{section.7}% 39
\BOOKMARK [1][-]{section.8}{\376\377\000P\000i\000l\000l\000a\000r\000\040\0004\000:\000\040\000S\000a\000n\000d\000b\000o\000x\000\040\000G\000a\000t\000e}{}% 40
\BOOKMARK [2][-]{subsection.8.1}{\376\377\000C\000o\000n\000c\000e\000p\000t\000u\000a\000l\000\040\000M\000o\000t\000i\000v\000a\000t\000i\000o\000n}{section.8}% 41
\BOOKMARK [2][-]{subsection.8.2}{\376\377\000F\000o\000r\000m\000a\000l\000\040\000D\000e\000f\000i\000n\000i\000t\000i\000o\000n}{section.8}% 42
\BOOKMARK [2][-]{subsection.8.3}{\376\377\000S\000t\000a\000t\000e\000\040\000M\000a\000c\000h\000i\000n\000e\000\040\000F\000o\000r\000m\000a\000l\000i\000s\000m}{section.8}% 43
\BOOKMARK [2][-]{subsection.8.4}{\376\377\000I\000n\000v\000a\000r\000i\000a\000n\000t\000s}{section.8}% 44
\BOOKMARK [2][-]{subsection.8.5}{\376\377\000R\000e\000l\000a\000t\000i\000o\000n\000s\000h\000i\000p\000\040\000t\000o\000\040\000t\000h\000e\000\040\000T\000h\000r\000e\000e\000-\000L\000a\000y\000e\000r\000\040\000M\000o\000d\000e\000l}{section.8}% 45
\BOOKMARK [2][-]{subsection.8.6}{\376\377\000R\000e\000l\000a\000t\000i\000o\000n\000s\000h\000i\000p\000\040\000t\000o\000\040\000t\000h\000e\000\040\000U\000p\000s\000t\000r\000e\000a\000m\000\040\000A\000c\000c\000o\000u\000n\000t\000a\000b\000i\000l\000i\000t\000y\000\040\000G\000u\000a\000r\000a\000n\000t\000e\000e}{section.8}% 46
\BOOKMARK [1][-]{section.9}{\376\377\000T\000h\000e\000\040\000F\000i\000v\000e\000\040\000A\000r\000c\000h\000i\000t\000e\000c\000t\000u\000r\000a\000l\000\040\000P\000i\000l\000l\000a\000r\000s}{}% 47
\BOOKMARK [1][-]{section.10}{\376\377\000T\000h\000e\000\040\000B\000a\000i\000l\000o\000u\000t\000\040\000P\000r\000o\000t\000o\000c\000o\000l\000:\000\040\000F\000u\000l\000l\000\040\000S\000p\000e\000c\000i\000f\000i\000c\000a\000t\000i\000o\000n}{}% 48
\BOOKMARK [2][-]{subsection.10.1}{\376\377\000S\000t\000a\000t\000e\000\040\000M\000a\000c\000h\000i\000n\000e\000\040\000D\000e\000f\000i\000n\000i\000t\000i\000o\000n}{section.10}% 49
\BOOKMARK [2][-]{subsection.10.2}{\376\377\000T\000r\000a\000n\000s\000i\000t\000i\000o\000n\000\040\000C\000o\000n\000d\000i\000t\000i\000o\000n\000s}{section.10}% 50
\BOOKMARK [2][-]{subsection.10.3}{\376\377\000B\000a\000i\000l\000-\000O\000u\000t\000\040\000T\000r\000i\000g\000g\000e\000r\000\040\000C\000o\000n\000d\000i\000t\000i\000o\000n}{section.10}% 51
\BOOKMARK [2][-]{subsection.10.4}{\376\377\000E\000s\000c\000a\000l\000a\000t\000i\000o\000n\000\040\000A\000l\000g\000o\000r\000i\000t\000h\000m}{section.10}% 52
\BOOKMARK [2][-]{subsection.10.5}{\376\377\000B\000y\000p\000a\000s\000s\000\040\000M\000e\000c\000h\000a\000n\000i\000s\000m}{section.10}% 53
\BOOKMARK [2][-]{subsection.10.6}{\376\377\000T\000i\000m\000e\000o\000u\000t\000\040\000H\000a\000n\000d\000l\000i\000n\000g}{section.10}% 54
\BOOKMARK [1][-]{section.11}{\376\377\000C\000o\000r\000r\000e\000c\000t\000n\000e\000s\000s\000\040\000P\000r\000o\000p\000e\000r\000t\000i\000e\000s}{}% 55
\BOOKMARK [2][-]{subsection.11.1}{\376\377\000P\000r\000o\000p\000e\000r\000t\000y\000\040\0001\000:\000\040\000I\000n\000t\000e\000n\000t\000\040\000P\000r\000e\000s\000e\000r\000v\000a\000t\000i\000o\000n}{section.11}% 56
\BOOKMARK [2][-]{subsection.11.2}{\376\377\000P\000r\000o\000p\000e\000r\000t\000y\000\040\0002\000:\000\040\000S\000t\000r\000u\000c\000t\000u\000r\000a\000l\000\040\000A\000u\000d\000i\000t\000a\000b\000i\000l\000i\000t\000y}{section.11}% 57
\BOOKMARK [2][-]{subsection.11.3}{\376\377\000P\000r\000o\000p\000e\000r\000t\000y\000\040\0003\000:\000\040\000C\000o\000m\000p\000u\000l\000s\000o\000r\000y\000\040\000H\000u\000m\000a\000n\000\040\000E\000s\000c\000a\000l\000a\000t\000i\000o\000n}{section.11}% 58
\BOOKMARK [2][-]{subsection.11.4}{\376\377\000P\000r\000o\000p\000e\000r\000t\000y\000\040\0004\000:\000\040\000S\000p\000a\000w\000n\000\040\000T\000r\000e\000e\000\040\000I\000n\000t\000e\000g\000r\000i\000t\000y}{section.11}% 59
\BOOKMARK [2][-]{subsection.11.5}{\376\377\000P\000r\000o\000p\000e\000r\000t\000y\000\040\0005\000:\000\040\000S\000a\000n\000d\000b\000o\000x\000\040\000C\000o\000n\000t\000a\000i\000n\000m\000e\000n\000t}{section.11}% 60
\BOOKMARK [1][-]{section.12}{\376\377\000R\000e\000l\000a\000t\000e\000d\000\040\000W\000o\000r\000k}{}% 61
\BOOKMARK [2][-]{subsection.12.1}{\376\377\000A\000c\000c\000o\000u\000n\000t\000a\000b\000i\000l\000i\000t\000y\000\040\000M\000e\000c\000h\000a\000n\000i\000s\000m\000s\000\040\000i\000n\000\040\000M\000u\000l\000t\000i\000-\000A\000g\000e\000n\000t\000\040\000S\000y\000s\000t\000e\000m\000s}{section.12}% 62
\BOOKMARK [2][-]{subsection.12.2}{\376\377\000H\000u\000m\000a\000n\000-\000i\000n\000-\000t\000h\000e\000-\000L\000o\000o\000p\000\040\000A\000r\000c\000h\000i\000t\000e\000c\000t\000u\000r\000e\000s}{section.12}% 63
\BOOKMARK [2][-]{subsection.12.3}{\376\377\000F\000a\000i\000l\000-\000S\000a\000f\000e\000\040\000a\000n\000d\000\040\000S\000a\000f\000e\000t\000y\000-\000C\000r\000i\000t\000i\000c\000a\000l\000\040\000S\000y\000s\000t\000e\000m\000s}{section.12}% 64
\BOOKMARK [2][-]{subsection.12.4}{\376\377\000R\000e\000c\000u\000r\000s\000i\000v\000e\000\040\000a\000n\000d\000\040\000M\000u\000l\000t\000i\000-\000A\000g\000e\000n\000t\000\040\000A\000r\000c\000h\000i\000t\000e\000c\000t\000u\000r\000e}{section.12}% 65
\BOOKMARK [2][-]{subsection.12.5}{\376\377\000F\000o\000r\000m\000a\000l\000\040\000V\000e\000r\000i\000f\000i\000c\000a\000t\000i\000o\000n\000\040\000o\000f\000\040\000A\000c\000c\000o\000u\000n\000t\000a\000b\000i\000l\000i\000t\000y\000\040\000P\000r\000o\000p\000e\000r\000t\000i\000e\000s}{section.12}% 66
\BOOKMARK [1][-]{section.13}{\376\377\000L\000i\000m\000i\000t\000a\000t\000i\000o\000n\000s\000\040\000a\000n\000d\000\040\000F\000u\000t\000u\000r\000e\000\040\000W\000o\000r\000k}{}% 67
\BOOKMARK [2][-]{subsection.13.1}{\376\377\000L\000i\000m\000i\000t\000a\000t\000i\000o\000n\000s}{section.13}% 68
\BOOKMARK [3][-]{subsubsection.13.1.1}{\376\377\000H\000u\000m\000a\000n\000\040\000R\000e\000s\000p\000o\000n\000s\000e\000\040\000L\000a\000t\000e\000n\000c\000y}{subsection.13.1}% 69
\BOOKMARK [3][-]{subsubsection.13.1.2}{\376\377\000A\000d\000v\000e\000r\000s\000a\000r\000i\000a\000l\000\040\000C\000o\000n\000d\000i\000t\000i\000o\000n\000s}{subsection.13.1}% 70
\BOOKMARK [3][-]{subsubsection.13.1.3}{\376\377\000S\000c\000a\000l\000a\000b\000i\000l\000i\000t\000y}{subsection.13.1}% 71
\BOOKMARK [2][-]{subsection.13.2}{\376\377\000F\000u\000t\000u\000r\000e\000\040\000W\000o\000r\000k}{section.13}% 72
\BOOKMARK [1][-]{section.14}{\376\377\000C\000o\000n\000c\000l\000u\000s\000i\000o\000n}{}% 73
